<?xml version="1.0" encoding="UTF-8"?>
<robot generator="Robot 3.2.1 (Python 3.8.5 on win32)" generated="20201013 19:19:30.794" rpa="false">
<suite id="s1" name="Element4" source="C:\Users\KARIMA\robotframework_test\Resources\TestCase\element4.robot">
<test id="s1-t1" name=" TC_001">
<kw name="Open Browser" library="SeleniumLibrary">
<doc>Opens a new browser instance to the optional ``url``.</doc>
<arguments>
<arg>${url}</arg>
<arg>${browser}</arg>
</arguments>
<msg timestamp="20201013 19:19:31.237" level="INFO">Opening browser 'gc' to base url 'http://omayo.blogspot.com/'.</msg>
<status status="PASS" starttime="20201013 19:19:31.237" endtime="20201013 19:19:35.831"></status>
</kw>
<kw name="Maximize Browser Window" library="SeleniumLibrary">
<doc>Maximizes current browser window.</doc>
<status status="PASS" starttime="20201013 19:19:35.834" endtime="20201013 19:19:37.121"></status>
</kw>
<kw name="Set Selenium Speed" library="SeleniumLibrary">
<doc>Sets the delay that is waited after each Selenium command.</doc>
<arguments>
<arg>3s</arg>
</arguments>
<status status="PASS" starttime="20201013 19:19:37.122" endtime="20201013 19:19:37.122"></status>
</kw>
<kw name="Select From List By Index" library="SeleniumLibrary">
<doc>Selects options from selection list ``locator`` by ``indexes``.</doc>
<arguments>
<arg>id=drop1</arg>
<arg>1</arg>
</arguments>
<msg timestamp="20201013 19:19:37.123" level="INFO">Selecting options from selection list 'id=drop1' by index 1.</msg>
<status status="PASS" starttime="20201013 19:19:37.122" endtime="20201013 19:20:04.241"></status>
</kw>
<kw name="Select From List By Value" library="SeleniumLibrary">
<doc>Selects options from selection list ``locator`` by ``values``.</doc>
<arguments>
<arg>id=drop1</arg>
<arg>jkl</arg>
</arguments>
<msg timestamp="20201013 19:20:04.242" level="INFO">Selecting options from selection list 'id=drop1' by value jkl.</msg>
<status status="PASS" starttime="20201013 19:20:04.242" endtime="20201013 19:20:25.356"></status>
</kw>
<kw name="Select From List By Label" library="SeleniumLibrary">
<doc>Selects options from selection list ``locator`` by ``labels``.</doc>
<arguments>
<arg>id=drop1</arg>
<arg>doc 4</arg>
</arguments>
<msg timestamp="20201013 19:20:25.357" level="INFO">Selecting options from selection list 'id=drop1' by label doc 4.</msg>
<status status="PASS" starttime="20201013 19:20:25.357" endtime="20201013 19:20:46.471"></status>
</kw>
<kw name="Close Browser" library="SeleniumLibrary">
<doc>Closes the current browser.</doc>
<status status="PASS" starttime="20201013 19:20:46.472" endtime="20201013 19:20:51.589"></status>
</kw>
<status status="PASS" starttime="20201013 19:19:31.236" endtime="20201013 19:20:51.590" critical="yes"></status>
</test>
<test id="s1-t2" name=" TC_002">
<kw name="Open Browser" library="SeleniumLibrary">
<doc>Opens a new browser instance to the optional ``url``.</doc>
<arguments>
<arg>${url}</arg>
<arg>${browser}</arg>
</arguments>
<msg timestamp="20201013 19:20:51.593" level="INFO">Opening browser 'gc' to base url 'http://omayo.blogspot.com/'.</msg>
<status status="PASS" starttime="20201013 19:20:51.593" endtime="20201013 19:20:59.304"></status>
</kw>
<kw name="Maximize Browser Window" library="SeleniumLibrary">
<doc>Maximizes current browser window.</doc>
<status status="PASS" starttime="20201013 19:20:59.305" endtime="20201013 19:21:03.443"></status>
</kw>
<kw name="Set Selenium Speed" library="SeleniumLibrary">
<doc>Sets the delay that is waited after each Selenium command.</doc>
<arguments>
<arg>3s</arg>
</arguments>
<status status="PASS" starttime="20201013 19:21:03.444" endtime="20201013 19:21:03.444"></status>
</kw>
<kw name="Select From List By Label" library="SeleniumLibrary">
<doc>Selects options from selection list ``locator`` by ``labels``.</doc>
<arguments>
<arg>id=multiselect1</arg>
<arg>Volvo</arg>
</arguments>
<msg timestamp="20201013 19:21:03.445" level="INFO">Selecting options from selection list 'id=multiselect1' by label Volvo.</msg>
<status status="PASS" starttime="20201013 19:21:03.445" endtime="20201013 19:21:24.563"></status>
</kw>
<kw name="Select From List By Label" library="SeleniumLibrary">
<doc>Selects options from selection list ``locator`` by ``labels``.</doc>
<arguments>
<arg>id=multiselect1</arg>
<arg>Audi</arg>
</arguments>
<msg timestamp="20201013 19:21:24.564" level="INFO">Selecting options from selection list 'id=multiselect1' by label Audi.</msg>
<status status="PASS" starttime="20201013 19:21:24.564" endtime="20201013 19:21:45.667"></status>
</kw>
<kw name="Select From List By Label" library="SeleniumLibrary">
<doc>Selects options from selection list ``locator`` by ``labels``.</doc>
<arguments>
<arg>id=multiselect1</arg>
<arg>Swift</arg>
</arguments>
<msg timestamp="20201013 19:21:45.668" level="INFO">Selecting options from selection list 'id=multiselect1' by label Swift.</msg>
<status status="PASS" starttime="20201013 19:21:45.668" endtime="20201013 19:22:06.799"></status>
</kw>
<kw name="Close Browser" library="SeleniumLibrary">
<doc>Closes the current browser.</doc>
<status status="PASS" starttime="20201013 19:22:06.799" endtime="20201013 19:22:11.952"></status>
</kw>
<status status="PASS" starttime="20201013 19:20:51.592" endtime="20201013 19:22:11.953" critical="yes"></status>
</test>
<status status="PASS" starttime="20201013 19:19:30.799" endtime="20201013 19:22:11.958"></status>
</suite>
<statistics>
<total>
<stat pass="2" fail="0">Critical Tests</stat>
<stat pass="2" fail="0">All Tests</stat>
</total>
<tag>
</tag>
<suite>
<stat pass="2" fail="0" id="s1" name="Element4">Element4</stat>
</suite>
</statistics>
<errors>
<msg timestamp="20201013 19:19:30.786" level="ERROR">Error in file 'C:\Users\KARIMA\robotframework_test\Resources\TestCase\element4.robot' on line 7: Invalid variable name ' #select from dropdown by index(we can select only one item from dropdown)'.</msg>
</errors>
</robot>
